<?xml version="1.0" encoding="UTF-8"?>
<coverage generated="1644412100982" clover="3.2.0">
  <project timestamp="1644412100982" name="All files">
    <metrics statements="18" coveredstatements="16" conditionals="0" coveredconditionals="0" methods="9" coveredmethods="7" elements="27" coveredelements="23" complexity="0" loc="18" ncloc="18" packages="2" files="3" classes="3"/>
    <package name="src">
      <metrics statements="1" coveredstatements="0" conditionals="0" coveredconditionals="0" methods="1" coveredmethods="0"/>
      <file name="App.js" path="/home/sharkt/Documents/React/todo-list/src/App.js">
        <metrics statements="1" coveredstatements="0" conditionals="0" coveredconditionals="0" methods="1" coveredmethods="0"/>
        <line num="6" count="0" type="stmt"/>
      </file>
    </package>
    <package name="src.Components">
      <metrics statements="17" coveredstatements="16" conditionals="0" coveredconditionals="0" methods="8" coveredmethods="7"/>
      <file name="List.js" path="/home/sharkt/Documents/React/todo-list/src/Components/List.js">
        <metrics statements="1" coveredstatements="0" conditionals="0" coveredconditionals="0" methods="1" coveredmethods="0"/>
        <line num="4" count="0" type="stmt"/>
      </file>
      <file name="Todo.js" path="/home/sharkt/Documents/React/todo-list/src/Components/Todo.js">
        <metrics statements="16" coveredstatements="16" conditionals="0" coveredconditionals="0" methods="7" coveredmethods="7"/>
        <line num="5" count="8" type="stmt"/>
        <line num="6" count="8" type="stmt"/>
        <line num="7" count="8" type="stmt"/>
        <line num="8" count="2" type="stmt"/>
        <line num="10" count="8" type="stmt"/>
        <line num="11" count="2" type="stmt"/>
        <line num="12" count="2" type="stmt"/>
        <line num="13" count="2" type="stmt"/>
        <line num="14" count="2" type="stmt"/>
        <line num="15" count="2" type="stmt"/>
        <line num="17" count="8" type="stmt"/>
        <line num="18" count="1" type="stmt"/>
        <line num="19" count="1" type="stmt"/>
        <line num="21" count="8" type="stmt"/>
        <line num="32" count="2" type="stmt"/>
        <line num="33" count="1" type="stmt"/>
      </file>
    </package>
  </project>
</coverage>
