{"/home/sharkt/Documents/React/todo-list/src/App.js": {"path":"/home/sharkt/Documents/React/todo-list/src/App.js","statementMap":{"0":{"start":{"line":6,"column":2},"end":{"line":11,"column":4}}},"fnMap":{"0":{"name":"App","decl":{"start":{"line":5,"column":9},"end":{"line":5,"column":12}},"loc":{"start":{"line":5,"column":15},"end":{"line":12,"column":1}},"line":5}},"branchMap":{},"s":{"0":0},"f":{"0":0},"b":{}}
,"/home/sharkt/Documents/React/todo-list/src/Components/List.js": {"path":"/home/sharkt/Documents/React/todo-list/src/Components/List.js","statementMap":{"0":{"start":{"line":4,"column":2},"end":{"line":4,"column":8}}},"fnMap":{"0":{"name":"List","decl":{"start":{"line":3,"column":9},"end":{"line":3,"column":13}},"loc":{"start":{"line":3,"column":37},"end":{"line":6,"column":1}},"line":3}},"branchMap":{},"s":{"0":0},"f":{"0":0},"b":{},"_coverageSchema":"1a1c01bbd47fc00a2c39e90264f33305004495a9","hash":"889a75649191199343fdea872b06c8e0a69de35d"}
,"/home/sharkt/Documents/React/todo-list/src/Components/Todo.js": {"path":"/home/sharkt/Documents/React/todo-list/src/Components/Todo.js","statementMap":{"0":{"start":{"line":5,"column":27},"end":{"line":5,"column":39}},"1":{"start":{"line":6,"column":28},"end":{"line":6,"column":40}},"2":{"start":{"line":7,"column":26},"end":{"line":9,"column":5}},"3":{"start":{"line":8,"column":8},"end":{"line":8,"column":32}},"4":{"start":{"line":10,"column":26},"end":{"line":16,"column":5}},"5":{"start":{"line":11,"column":8},"end":{"line":11,"column":26}},"6":{"start":{"line":12,"column":8},"end":{"line":12,"column":25}},"7":{"start":{"line":13,"column":25},"end":{"line":13,"column":40}},"8":{"start":{"line":14,"column":8},"end":{"line":14,"column":26}},"9":{"start":{"line":15,"column":8},"end":{"line":15,"column":20}},"10":{"start":{"line":17,"column":25},"end":{"line":20,"column":5}},"11":{"start":{"line":18,"column":25},"end":{"line":18,"column":68}},"12":{"start":{"line":18,"column":52},"end":{"line":18,"column":67}},"13":{"start":{"line":19,"column":8},"end":{"line":19,"column":26}},"14":{"start":{"line":21,"column":2},"end":{"line":42,"column":9}},"15":{"start":{"line":32,"column":33},"end":{"line":34,"column":43}},"16":{"start":{"line":33,"column":119},"end":{"line":33,"column":139}}},"fnMap":{"0":{"name":"Todo","decl":{"start":{"line":4,"column":9},"end":{"line":4,"column":13}},"loc":{"start":{"line":4,"column":16},"end":{"line":43,"column":1}},"line":4},"1":{"name":"(anonymous_1)","decl":{"start":{"line":7,"column":26},"end":{"line":7,"column":27}},"loc":{"start":{"line":7,"column":32},"end":{"line":9,"column":5}},"line":7},"2":{"name":"(anonymous_2)","decl":{"start":{"line":10,"column":26},"end":{"line":10,"column":27}},"loc":{"start":{"line":10,"column":31},"end":{"line":16,"column":5}},"line":10},"3":{"name":"(anonymous_3)","decl":{"start":{"line":17,"column":25},"end":{"line":17,"column":26}},"loc":{"start":{"line":17,"column":38},"end":{"line":20,"column":5}},"line":17},"4":{"name":"(anonymous_4)","decl":{"start":{"line":18,"column":38},"end":{"line":18,"column":39}},"loc":{"start":{"line":18,"column":52},"end":{"line":18,"column":67}},"line":18},"5":{"name":"(anonymous_5)","decl":{"start":{"line":31,"column":39},"end":{"line":31,"column":40}},"loc":{"start":{"line":32,"column":33},"end":{"line":34,"column":43}},"line":32},"6":{"name":"(anonymous_6)","decl":{"start":{"line":33,"column":115},"end":{"line":33,"column":116}},"loc":{"start":{"line":33,"column":119},"end":{"line":33,"column":139}},"line":33}},"branchMap":{},"s":{"0":8,"1":8,"2":8,"3":2,"4":8,"5":2,"6":2,"7":2,"8":2,"9":2,"10":8,"11":1,"12":1,"13":1,"14":8,"15":2,"16":1},"f":{"0":8,"1":2,"2":2,"3":1,"4":1,"5":2,"6":1},"b":{},"_coverageSchema":"1a1c01bbd47fc00a2c39e90264f33305004495a9","hash":"31a58e72c2b94a6dc66fcbb2702c994109a87392"}
}
